<?xml version="1.0" encoding="UTF-8"?>
<!-- Generated by org.testng.reporters.JUnitReportReporter -->
<testsuite hostname="DESKTOP-R9QIMTM" failures="0" tests="1" name="LandingPageTest.LoginValidationTest" time="43.705" errors="0" timestamp="2024-07-10T10:41:38 IST" skipped="0">
  <testcase classname="LandingPageTest.LoginValidationTest" name="superAdminLoginTest" time="43.705"/>
</testsuite> <!-- LandingPageTest.LoginValidationTest -->
