<?xml version="1.0" encoding="UTF-8"?>
<!-- Generated by org.testng.reporters.JUnitReportReporter -->
<testsuite hostname="DESKTOP-R9QIMTM" failures="0" tests="1" name="LandingPageTest.HeaderValidationTest" time="24.284" errors="0" timestamp="2024-07-10T10:41:38 IST" skipped="0">
  <testcase classname="LandingPageTest.HeaderValidationTest" name="headerValidation" time="24.284"/>
</testsuite> <!-- LandingPageTest.HeaderValidationTest -->
