<?xml version="1.0" encoding="UTF-8"?>
<!-- Generated by org.testng.reporters.JUnitReportReporter -->
<testsuite hostname="DESKTOP-R9QIMTM" failures="0" tests="1" name="LandingPageTest.HeaderValidationTest" time="25.384" errors="0" timestamp="2024-06-20T16:29:58 IST" skipped="0">
  <testcase classname="LandingPageTest.HeaderValidationTest" name="headerValidation" time="25.384"/>
</testsuite> <!-- LandingPageTest.HeaderValidationTest -->
