<?xml version="1.0" encoding="UTF-8"?>
<!-- Generated by org.testng.reporters.JUnitReportReporter -->
<testsuite hostname="EltonDcunha" failures="0" tests="6" name="loginTest.LogInWithInValidCredentials" time="31.404" errors="0" timestamp="2024-07-18T16:13:27 IST" skipped="0">
  <testcase classname="loginTest.LogInWithInValidCredentials" name="inValidCredentials" time="4.848"/>
  <testcase classname="loginTest.LogInWithInValidCredentials" name="disablingLogInButton" time="5.519"/>
  <testcase classname="loginTest.LogInWithInValidCredentials" name="inValidCredentials" time="4.662"/>
  <testcase classname="loginTest.LogInWithInValidCredentials" name="disablingLogInButton" time="5.538"/>
  <testcase classname="loginTest.LogInWithInValidCredentials" name="disablingLogInButton" time="5.465"/>
  <testcase classname="loginTest.LogInWithInValidCredentials" name="disablingLogInButton" time="5.372"/>
</testsuite> <!-- loginTest.LogInWithInValidCredentials -->
