<?xml version="1.0" encoding="UTF-8"?>
<!-- Generated by org.testng.reporters.JUnitReportReporter -->
<testsuite hostname="DESKTOP-R9QIMTM" failures="0" tests="2" name="landingPageTest.LinkValidationTest" time="226.117" errors="0" timestamp="2024-07-22T14:26:29 IST" skipped="0">
  <testcase classname="landingPageTest.LinkValidationTest" name="headerLinkValidation" time="144.040"/>
  <testcase classname="landingPageTest.LinkValidationTest" name="forgotPassLinkValidation" time="82.077"/>
</testsuite> <!-- landingPageTest.LinkValidationTest -->
