<?xml version="1.0" encoding="UTF-8"?>
<!-- Generated by org.testng.reporters.JUnitReportReporter -->
<testsuite hostname="DESKTOP-R9QIMTM" failures="0" tests="1" name="landingPageTest.TextValidationTest" time="18.515" errors="0" timestamp="2024-07-29T12:18:01 IST" skipped="0">
  <testcase classname="landingPageTest.TextValidationTest" name="welcomeHeaderTextValidation" time="18.515"/>
</testsuite> <!-- landingPageTest.TextValidationTest -->
