<?xml version="1.0" encoding="UTF-8"?>
<!-- Generated by org.testng.reporters.JUnitReportReporter -->
<testsuite hostname="DESKTOP-R9QIMTM" failures="0" tests="1" name="LandingPageTest.HeaderValidationTest" time="175.433" errors="0" timestamp="2024-07-10T14:28:49 IST" skipped="0">
  <testcase classname="LandingPageTest.HeaderValidationTest" name="headerValidation" time="175.433"/>
</testsuite> <!-- LandingPageTest.HeaderValidationTest -->
