<?xml version="1.0" encoding="UTF-8"?>
<!-- Generated by org.testng.reporters.JUnitReportReporter -->
<testsuite hostname="EltonDcunha" failures="0" tests="2" name="signUp.SignupPatient" time="4.594" errors="0" timestamp="2024-07-18T15:28:39 IST" skipped="0">
  <testcase classname="signUp.SignupPatient" name="contactInformation" time="0.721"/>
  <testcase classname="signUp.SignupPatient" name="patientInformation" time="3.873"/>
</testsuite> <!-- signUp.SignupPatient -->
